Trajectory file: liquid_argon_300K.xyz
log file: liquid_argon_300K.log
nAtoms: 216
Temperature: 300.000000
nIter: 1000000
deltaWrite: 100
box dimension: 30.000000
deltaX (MC translation): 1.000000
cutoff: 0.000000
kB*T=0.596161
Step:          0 Energy:                                         -63.21819
Step:        100 Energy:                                         -64.91258
Step:        200 Energy:                                         -65.84961
Step:        300 Energy:                                         -67.10110
Step:        400 Energy:                                         -68.69994
Step:        500 Energy:                                         -68.68372
Step:        600 Energy:                                         -70.55569
Step:        700 Energy:                                         -71.52776
Step:        800 Energy:                                         -72.07140
Step:        900 Energy:                                         -70.96183
Step:       1000 Energy:                                         -70.77007
Step:       1100 Energy:                                         -73.22451
Step:       1200 Energy:                                         -72.69199
Step:       1300 Energy:                                         -72.08581
Step:       1400 Energy:                                         -73.05455
Step:       1500 Energy:                                         -73.11091
Step:       1600 Energy:                                         -73.76659
Step:       1700 Energy:                                         -73.80789
Step:       1800 Energy:                                         -73.27013
Step:       1900 Energy:                                         -72.76279
Step:       2000 Energy:                                         -71.62870
Step:       2100 Energy:                                         -72.05751
Step:       2200 Energy:                                         -72.90535
Step:       2300 Energy:                                         -72.46079
Step:       2400 Energy:                                         -71.64994
Step:       2500 Energy:                                         -70.36471
Step:       2600 Energy:                                         -68.45850
Step:       2700 Energy:                                         -70.57492
Step:       2800 Energy:                                         -73.31235
Step:       2900 Energy:                                         -71.76076
Step:       3000 Energy:                                         -69.34644
Step:       3100 Energy:                                         -64.81779
Step:       3200 Energy:                                         -68.98284
Step:       3300 Energy:                                         -66.91019
Step:       3400 Energy:                                         -68.86611
Step:       3500 Energy:                                         -67.00159
Step:       3600 Energy:                                         -68.04787
Step:       3700 Energy:                                         -69.75531
Step:       3800 Energy:                                         -68.34852
Step:       3900 Energy:                                         -67.57365
Step:       4000 Energy:                                         -70.58639
Step:       4100 Energy:                                         -72.69184
Step:       4200 Energy:                                         -72.11980
Step:       4300 Energy:                                         -75.40848
Step:       4400 Energy:                                         -76.17780
Step:       4500 Energy:                                         -73.84963
Step:       4600 Energy:                                         -73.57845
Step:       4700 Energy:                                         -71.61049
Step:       4800 Energy:                                         -73.11294
Step:       4900 Energy:                                         -74.69291
Step:       5000 Energy:                                         -77.84792
Step:       5100 Energy:                                         -78.58118
Step:       5200 Energy:                                         -75.84176
Step:       5300 Energy:                                         -76.70098
Step:       5400 Energy:                                         -73.86479
Step:       5500 Energy:                                         -72.70840
Step:       5600 Energy:                                         -73.27450
Step:       5700 Energy:                                         -72.68182
Step:       5800 Energy:                                         -76.45343
Step:       5900 Energy:                                         -75.87827
Step:       6000 Energy:                                         -73.48126
Step:       6100 Energy:                                         -74.73729
Step:       6200 Energy:                                         -74.17795
Step:       6300 Energy:                                         -75.20002
Step:       6400 Energy:                                         -79.32739
Step:       6500 Energy:                                         -79.72489
Step:       6600 Energy:                                         -76.92703
Step:       6700 Energy:                                         -77.37627
Step:       6800 Energy:                                         -78.52010
Step:       6900 Energy:                                         -79.45657
Step:       7000 Energy:                                         -81.40506
Step:       7100 Energy:                                         -80.02036
Step:       7200 Energy:                                         -79.27592
Step:       7300 Energy:                                         -78.95273
Step:       7400 Energy:                                         -77.90793
Step:       7500 Energy:                                         -77.72222
Step:       7600 Energy:                                         -74.88622
Step:       7700 Energy:                                         -74.15248
Step:       7800 Energy:                                         -73.58004
Step:       7900 Energy:                                         -73.67775
Step:       8000 Energy:                                         -74.23990
Step:       8100 Energy:                                         -70.95816
Step:       8200 Energy:                                         -72.06615
Step:       8300 Energy:                                         -72.68970
Step:       8400 Energy:                                         -72.92117
Step:       8500 Energy:                                         -77.73442
Step:       8600 Energy:                                         -76.91685
Step:       8700 Energy:                                         -75.82370
Step:       8800 Energy:                                         -77.06098
Step:       8900 Energy:                                         -74.63775
Step:       9000 Energy:                                         -75.41536
Step:       9100 Energy:                                         -76.06058
Step:       9200 Energy:                                         -78.00922
Step:       9300 Energy:                                         -77.59852
Step:       9400 Energy:                                         -79.13763
Step:       9500 Energy:                                         -81.98367
Step:       9600 Energy:                                         -82.02235
Step:       9700 Energy:                                         -76.26868
Step:       9800 Energy:                                         -76.30826
Step:       9900 Energy:                                         -78.31686
Step:      10000 Energy:                                         -77.01087
Step:      10100 Energy:                                         -77.13869
Step:      10200 Energy:                                         -75.30798
Step:      10300 Energy:                                         -74.88813
Step:      10400 Energy:                                         -79.18736
Step:      10500 Energy:                                         -80.94191
Step:      10600 Energy:                                         -75.65962
Step:      10700 Energy:                                         -76.46135
Step:      10800 Energy:                                         -75.57350
Step:      10900 Energy:                                         -73.75077
Step:      11000 Energy:                                         -74.43002
Step:      11100 Energy:                                         -75.41433
Step:      11200 Energy:                                         -72.60203
Step:      11300 Energy:                                         -74.27256
Step:      11400 Energy:                                         -75.23560
Step:      11500 Energy:                                         -76.51801
Step:      11600 Energy:                                         -75.53446
Step:      11700 Energy:                                         -75.81744
Step:      11800 Energy:                                         -77.07502
Step:      11900 Energy:                                         -75.95885
Step:      12000 Energy:                                         -74.96776
Step:      12100 Energy:                                         -75.40818
Step:      12200 Energy:                                         -77.37768
Step:      12300 Energy:                                         -77.24823
Step:      12400 Energy:                                         -76.22569
Step:      12500 Energy:                                         -76.23440
Step:      12600 Energy:                                         -70.78741
Step:      12700 Energy:                                         -74.39628
Step:      12800 Energy:                                         -76.55475
Step:      12900 Energy:                                         -76.91622
Step:      13000 Energy:                                         -79.46837
Step:      13100 Energy:                                         -78.04658
Step:      13200 Energy:                                         -75.85751
Step:      13300 Energy:                                         -72.32204
Step:      13400 Energy:                                         -74.15038
Step:      13500 Energy:                                         -75.05454
Step:      13600 Energy:                                         -78.50257
Step:      13700 Energy:                                         -79.09238
Step:      13800 Energy:                                         -76.56738
Step:      13900 Energy:                                         -77.98796
Step:      14000 Energy:                                         -78.81805
Step:      14100 Energy:                                         -79.11236
Step:      14200 Energy:                                         -75.91455
Step:      14300 Energy:                                         -75.05479
Step:      14400 Energy:                                         -71.74215
Step:      14500 Energy:                                         -72.52785
Step:      14600 Energy:                                         -72.24462
Step:      14700 Energy:                                         -73.19757
Step:      14800 Energy:                                         -71.43719
Step:      14900 Energy:                                         -74.46901
Step:      15000 Energy:                                         -75.87350
Step:      15100 Energy:                                         -76.60350
Step:      15200 Energy:                                         -75.85697
Step:      15300 Energy:                                         -76.38827
Step:      15400 Energy:                                         -75.32864
Step:      15500 Energy:                                         -74.47223
Step:      15600 Energy:                                         -75.44328
Step:      15700 Energy:                                         -80.36838
Step:      15800 Energy:                                         -81.83112
Step:      15900 Energy:                                         -79.76273
Step:      16000 Energy:                                         -78.64757
Step:      16100 Energy:                                         -78.07141
Step:      16200 Energy:                                         -78.05179
Step:      16300 Energy:                                         -74.09438
Step:      16400 Energy:                                         -76.42871
Step:      16500 Energy:                                         -75.68852
Step:      16600 Energy:                                         -76.21416
Step:      16700 Energy:                                         -72.20332
Step:      16800 Energy:                                         -75.39613
Step:      16900 Energy:                                         -77.84235
Step:      17000 Energy:                                         -77.22172
Step:      17100 Energy:                                         -74.76387
Step:      17200 Energy:                                         -74.44624
Step:      17300 Energy:                                         -77.92731
Step:      17400 Energy:                                         -81.76160
Step:      17500 Energy:                                         -79.39903
Step:      17600 Energy:                                         -78.71156
Step:      17700 Energy:                                         -80.10243
Step:      17800 Energy:                                         -81.39529
Step:      17900 Energy:                                         -78.64419
Step:      18000 Energy:                                         -78.91053
Step:      18100 Energy:                                         -76.85445
Step:      18200 Energy:                                         -77.62434
Step:      18300 Energy:                                         -76.59612
Step:      18400 Energy:                                         -75.92968
Step:      18500 Energy:                                         -77.88216
Step:      18600 Energy:                                         -78.23819
Step:      18700 Energy:                                         -76.66715
Step:      18800 Energy:                                         -77.17767
Step:      18900 Energy:                                         -79.35909
Step:      19000 Energy:                                         -77.78176
Step:      19100 Energy:                                         -80.08866
Step:      19200 Energy:                                         -80.20146
Step:      19300 Energy:                                         -79.57799
Step:      19400 Energy:                                         -79.65622
Step:      19500 Energy:                                         -80.04057
Step:      19600 Energy:                                         -82.78295
Step:      19700 Energy:                                         -81.13924
Step:      19800 Energy:                                         -80.44085
Step:      19900 Energy:                                         -75.57297
Step:      20000 Energy:                                         -74.12184
Step:      20100 Energy:                                         -77.18833
Step:      20200 Energy:                                         -74.74268
Step:      20300 Energy:                                         -76.31750
Step:      20400 Energy:                                         -76.49268
Step:      20500 Energy:                                         -77.50839
Step:      20600 Energy:                                         -82.79514
Step:      20700 Energy:                                         -81.93876
Step:      20800 Energy:                                         -82.53057
Step:      20900 Energy:                                         -80.59107
Step:      21000 Energy:                                         -79.34871
Step:      21100 Energy:                                         -79.05771
Step:      21200 Energy:                                         -78.73381
Step:      21300 Energy:                                         -70.98305
Step:      21400 Energy:                                         -74.61197
Step:      21500 Energy:                                         -72.46627
Step:      21600 Energy:                                         -71.85748
Step:      21700 Energy:                                         -76.02737
Step:      21800 Energy:                                         -76.81213
Step:      21900 Energy:                                         -81.47646
Step:      22000 Energy:                                         -78.16537
Step:      22100 Energy:                                         -73.40295
Step:      22200 Energy:                                         -72.73116
Step:      22300 Energy:                                         -72.78055
Step:      22400 Energy:                                         -73.39388
Step:      22500 Energy:                                         -76.70542
Step:      22600 Energy:                                         -78.13621
Step:      22700 Energy:                                         -78.01614
Step:      22800 Energy:                                         -76.93849
Step:      22900 Energy:                                         -77.45122
Step:      23000 Energy:                                         -79.96909
Step:      23100 Energy:                                         -76.87745
Step:      23200 Energy:                                         -76.95759
Step:      23300 Energy:                                         -75.17812
Step:      23400 Energy:                                         -73.65340
Step:      23500 Energy:                                         -73.03914
Step:      23600 Energy:                                         -79.79194
Step:      23700 Energy:                                         -79.70187
Step:      23800 Energy:                                         -82.44672
Step:      23900 Energy:                                         -79.98899
Step:      24000 Energy:                                         -79.41912
Step:      24100 Energy:                                         -79.43999
Step:      24200 Energy:                                         -78.78723
Step:      24300 Energy:                                         -80.30250
Step:      24400 Energy:                                         -78.95447
Step:      24500 Energy:                                         -76.22249
Step:      24600 Energy:                                         -77.50314
Step:      24700 Energy:                                         -76.08057
Step:      24800 Energy:                                         -78.49590
Step:      24900 Energy:                                         -80.45700
Step:      25000 Energy:                                         -79.80864
Step:      25100 Energy:                                         -81.42104
Step:      25200 Energy:                                         -82.15353
Step:      25300 Energy:                                         -82.36035
Step:      25400 Energy:                                         -82.78105
Step:      25500 Energy:                                         -83.82600
Step:      25600 Energy:                                         -84.15681
Step:      25700 Energy:                                         -84.29331
Step:      25800 Energy:                                         -83.75530
Step:      25900 Energy:                                         -84.60565
Step:      26000 Energy:                                         -86.06652
Step:      26100 Energy:                                         -84.41273
Step:      26200 Energy:                                         -84.17843
Step:      26300 Energy:                                         -85.65289
Step:      26400 Energy:                                         -83.69916
Step:      26500 Energy:                                         -83.22839
Step:      26600 Energy:                                         -85.14977
Step:      26700 Energy:                                         -84.76056
Step:      26800 Energy:                                         -82.77763
Step:      26900 Energy:                                         -82.98284
Step:      27000 Energy:                                         -81.59863
Step:      27100 Energy:                                         -84.15653
Step:      27200 Energy:                                         -82.79657
Step:      27300 Energy:                                         -79.40188
Step:      27400 Energy:                                         -73.20065
Step:      27500 Energy:                                         -76.57640
Step:      27600 Energy:                                         -74.70380
Step:      27700 Energy:                                         -77.56438
Step:      27800 Energy:                                         -80.08352
Step:      27900 Energy:                                         -77.47008
Step:      28000 Energy:                                         -76.25748
Step:      28100 Energy:                                         -76.85863
Step:      28200 Energy:                                         -80.75843
Step:      28300 Energy:                                         -80.46818
Step:      28400 Energy:                                         -78.32208
Step:      28500 Energy:                                         -77.67974
Step:      28600 Energy:                                         -79.26250
Step:      28700 Energy:                                         -83.92854
Step:      28800 Energy:                                         -80.40653
Step:      28900 Energy:                                         -80.24219
Step:      29000 Energy:                                         -77.08660
Step:      29100 Energy:                                         -75.59884
Step:      29200 Energy:                                         -79.15561
Step:      29300 Energy:                                         -80.49324
Step:      29400 Energy:                                         -76.95943
Step:      29500 Energy:                                         -78.21541
Step:      29600 Energy:                                         -80.02890
Step:      29700 Energy:                                         -79.93616
Step:      29800 Energy:                                         -77.16958
Step:      29900 Energy:                                         -80.43574
Step:      30000 Energy:                                         -78.00319
Step:      30100 Energy:                                         -77.67070
Step:      30200 Energy:                                         -78.25972
Step:      30300 Energy:                                         -76.86842
Step:      30400 Energy:                                         -75.44882
Step:      30500 Energy:                                         -79.32935
Step:      30600 Energy:                                         -75.79029
Step:      30700 Energy:                                         -79.21803
Step:      30800 Energy:                                         -79.82984
Step:      30900 Energy:                                         -79.54974
Step:      31000 Energy:                                         -77.90932
Step:      31100 Energy:                                         -79.40672
Step:      31200 Energy:                                         -78.64830
Step:      31300 Energy:                                         -76.94109
Step:      31400 Energy:                                         -79.27191
Step:      31500 Energy:                                         -81.68443
Step:      31600 Energy:                                         -83.53469
Step:      31700 Energy:                                         -82.58873
Step:      31800 Energy:                                         -81.23777
Step:      31900 Energy:                                         -82.59393
Step:      32000 Energy:                                         -81.48289
Step:      32100 Energy:                                         -78.26129
Step:      32200 Energy:                                         -76.08276
Step:      32300 Energy:                                         -79.15995
Step:      32400 Energy:                                         -80.02001
Step:      32500 Energy:                                         -81.50225
Step:      32600 Energy:                                         -82.77904
Step:      32700 Energy:                                         -83.59944
Step:      32800 Energy:                                         -84.09040
Step:      32900 Energy:                                         -81.70232
Step:      33000 Energy:                                         -84.06978
Step:      33100 Energy:                                         -85.58862
Step:      33200 Energy:                                         -82.27988
Step:      33300 Energy:                                         -80.94223
Step:      33400 Energy:                                         -77.82292
Step:      33500 Energy:                                         -75.76738
Step:      33600 Energy:                                         -79.20619
Step:      33700 Energy:                                         -81.83495
Step:      33800 Energy:                                         -80.17049
Step:      33900 Energy:                                         -79.79687
Step:      34000 Energy:                                         -74.53657
Step:      34100 Energy:                                         -73.54350
Step:      34200 Energy:                                         -76.81409
Step:      34300 Energy:                                         -73.58864
Step:      34400 Energy:                                         -74.01815
Step:      34500 Energy:                                         -76.89264
Step:      34600 Energy:                                         -78.51929
Step:      34700 Energy:                                         -81.15756
Step:      34800 Energy:                                         -82.74579
Step:      34900 Energy:                                         -82.53255
Step:      35000 Energy:                                         -81.01337
Step:      35100 Energy:                                         -80.52617
Step:      35200 Energy:                                         -78.33202
Step:      35300 Energy:                                         -77.54572
Step:      35400 Energy:                                         -76.78229
Step:      35500 Energy:                                         -77.18789
Step:      35600 Energy:                                         -76.26371
Step:      35700 Energy:                                         -80.89431
Step:      35800 Energy:                                         -77.53900
Step:      35900 Energy:                                         -77.83673
Step:      36000 Energy:                                         -78.74381
Step:      36100 Energy:                                         -78.62450
Step:      36200 Energy:                                         -79.03617
Step:      36300 Energy:                                         -77.10501
Step:      36400 Energy:                                         -74.22570
Step:      36500 Energy:                                         -73.73021
Step:      36600 Energy:                                         -74.56178
Step:      36700 Energy:                                         -76.70005
Step:      36800 Energy:                                         -78.08173
Step:      36900 Energy:                                         -75.67392
Step:      37000 Energy:                                         -71.99724
Step:      37100 Energy:                                         -73.47476
Step:      37200 Energy:                                         -73.48333
Step:      37300 Energy:                                         -74.52219
Step:      37400 Energy:                                         -79.67361
Step:      37500 Energy:                                         -80.08331
Step:      37600 Energy:                                         -81.22394
Step:      37700 Energy:                                         -82.71840
Step:      37800 Energy:                                         -81.41944
Step:      37900 Energy:                                         -79.02966
Step:      38000 Energy:                                         -77.57829
Step:      38100 Energy:                                         -78.47408
Step:      38200 Energy:                                         -77.42263
Step:      38300 Energy:                                         -76.18148
Step:      38400 Energy:                                         -75.04011
Step:      38500 Energy:                                         -75.87686
Step:      38600 Energy:                                         -76.61230
Step:      38700 Energy:                                         -74.32249
Step:      38800 Energy:                                         -74.21751
Step:      38900 Energy:                                         -71.34056
Step:      39000 Energy:                                         -73.19312
Step:      39100 Energy:                                         -71.78051
Step:      39200 Energy:                                         -76.00304
Step:      39300 Energy:                                         -76.71980
Step:      39400 Energy:                                         -78.33008
Step:      39500 Energy:                                         -76.99696
Step:      39600 Energy:                                         -76.69261
Step:      39700 Energy:                                         -75.37412
Step:      39800 Energy:                                         -77.98856
Step:      39900 Energy:                                         -76.44362
Step:      40000 Energy:                                         -76.01639
Step:      40100 Energy:                                         -76.92333
Step:      40200 Energy:                                         -76.78021
Step:      40300 Energy:                                         -79.28816
Step:      40400 Energy:                                         -78.06359
Step:      40500 Energy:                                         -77.37799
Step:      40600 Energy:                                         -79.01851
Step:      40700 Energy:                                         -77.86753
Step:      40800 Energy:                                         -80.67110
Step:      40900 Energy:                                         -83.07522
Step:      41000 Energy:                                         -83.65234
Step:      41100 Energy:                                         -81.78403
Step:      41200 Energy:                                         -79.93934
Step:      41300 Energy:                                         -79.08466
Step:      41400 Energy:                                         -79.26474
Step:      41500 Energy:                                         -80.86084
Step:      41600 Energy:                                         -81.19684
Step:      41700 Energy:                                         -81.28568
Step:      41800 Energy:                                         -78.71669
Step:      41900 Energy:                                         -72.41670
Step:      42000 Energy:                                         -75.05241
Step:      42100 Energy:                                         -77.11312
Step:      42200 Energy:                                         -74.42011
Step:      42300 Energy:                                         -78.50162
Step:      42400 Energy:                                         -80.63561
Step:      42500 Energy:                                         -84.89246
Step:      42600 Energy:                                         -83.88216
Step:      42700 Energy:                                         -84.21102
Step:      42800 Energy:                                         -83.80737
Step:      42900 Energy:                                         -86.11942
Step:      43000 Energy:                                         -85.55993
Step:      43100 Energy:                                         -84.96682
Step:      43200 Energy:                                         -87.67690
Step:      43300 Energy:                                         -86.06987
Step:      43400 Energy:                                         -85.28224
Step:      43500 Energy:                                         -84.74130
Step:      43600 Energy:                                         -82.95093
Step:      43700 Energy:                                         -81.48968
Step:      43800 Energy:                                         -82.94803
Step:      43900 Energy:                                         -84.17332
Step:      44000 Energy:                                         -79.10270
Step:      44100 Energy:                                         -81.06298
Step:      44200 Energy:                                         -79.69154
Step:      44300 Energy:                                         -81.70969
Step:      44400 Energy:                                         -83.14965
Step:      44500 Energy:                                         -82.16539
Step:      44600 Energy:                                         -79.54893
Step:      44700 Energy:                                         -80.90308
Step:      44800 Energy:                                         -80.82748
Step:      44900 Energy:                                         -78.62893
Step:      45000 Energy:                                         -76.29256
Step:      45100 Energy:                                         -77.09759
Step:      45200 Energy:                                         -80.03545
Step:      45300 Energy:                                         -79.97257
Step:      45400 Energy:                                         -76.29269
Step:      45500 Energy:                                         -76.83748
Step:      45600 Energy:                                         -79.09721
Step:      45700 Energy:                                         -79.25163
Step:      45800 Energy:                                         -78.67329
Step:      45900 Energy:                                         -79.45991
Step:      46000 Energy:                                         -78.25228
Step:      46100 Energy:                                         -79.26183
Step:      46200 Energy:                                         -80.65115
Step:      46300 Energy:                                         -81.17859
Step:      46400 Energy:                                         -83.72836
Step:      46500 Energy:                                         -81.45020
Step:      46600 Energy:                                         -79.61964
Step:      46700 Energy:                                         -79.59395
Step:      46800 Energy:                                         -78.96112
Step:      46900 Energy:                                         -79.78777
Step:      47000 Energy:                                         -78.16071
Step:      47100 Energy:                                         -76.71103
Step:      47200 Energy:                                         -72.30418
Step:      47300 Energy:                                         -73.00675
Step:      47400 Energy:                                         -72.62045
Step:      47500 Energy:                                         -75.74619
Step:      47600 Energy:                                         -77.74244
Step:      47700 Energy:                                         -75.93828
Step:      47800 Energy:                                         -77.39827
Step:      47900 Energy:                                         -80.06470
Step:      48000 Energy:                                         -77.92102
Step:      48100 Energy:                                         -79.81081
Step:      48200 Energy:                                         -80.55145
Step:      48300 Energy:                                         -79.66278
Step:      48400 Energy:                                         -77.43016
Step:      48500 Energy:                                         -75.61737
Step:      48600 Energy:                                         -80.72237
Step:      48700 Energy:                                         -80.06267
Step:      48800 Energy:                                         -77.43485
Step:      48900 Energy:                                         -77.76499
Step:      49000 Energy:                                         -80.04016
Step:      49100 Energy:                                         -78.76513
Step:      49200 Energy:                                         -81.34423
Step:      49300 Energy:                                         -79.98254
Step:      49400 Energy:                                         -78.60458
Step:      49500 Energy:                                         -76.20128
Step:      49600 Energy:                                         -78.41670
Step:      49700 Energy:                                         -80.15802
Step:      49800 Energy:                                         -79.89130
Step:      49900 Energy:                                         -78.51392
Step:      50000 Energy:                                         -77.83825
Step:      50100 Energy:                                         -81.87006
Step:      50200 Energy:                                         -82.64579
Step:      50300 Energy:                                         -83.12229
Step:      50400 Energy:                                         -85.15778
Step:      50500 Energy:                                         -82.65346
Step:      50600 Energy:                                         -79.81337
Step:      50700 Energy:                                         -80.12594
Step:      50800 Energy:                                         -80.16838
Step:      50900 Energy:                                         -79.93278
Step:      51000 Energy:                                         -82.29758
Step:      51100 Energy:                                         -84.26532
Step:      51200 Energy:                                         -80.91416
Step:      51300 Energy:                                         -83.55048
Step:      51400 Energy:                                         -82.60355
Step:      51500 Energy:                                         -79.58177
Step:      51600 Energy:                                         -77.25653
Step:      51700 Energy:                                         -78.68494
Step:      51800 Energy:                                         -75.26693
Step:      51900 Energy:                                         -75.87276
Step:      52000 Energy:                                         -77.60337
Step:      52100 Energy:                                         -75.04423
Step:      52200 Energy:                                         -75.08354
Step:      52300 Energy:                                         -75.89938
Step:      52400 Energy:                                         -72.98590
Step:      52500 Energy:                                         -72.14767
Step:      52600 Energy:                                         -75.17541
Step:      52700 Energy:                                         -74.52512
Step:      52800 Energy:                                         -74.49214
Step:      52900 Energy:                                         -72.98186
Step:      53000 Energy:                                         -72.18620
Step:      53100 Energy:                                         -70.98985
Step:      53200 Energy:                                         -71.80784
Step:      53300 Energy:                                         -77.67417
Step:      53400 Energy:                                         -78.23664
Step:      53500 Energy:                                         -79.40970
Step:      53600 Energy:                                         -80.37057
Step:      53700 Energy:                                         -81.06174
Step:      53800 Energy:                                         -82.06069
Step:      53900 Energy:                                         -80.15696
Step:      54000 Energy:                                         -79.58434
Step:      54100 Energy:                                         -80.19209
Step:      54200 Energy:                                         -79.42821
Step:      54300 Energy:                                         -77.99570
Step:      54400 Energy:                                         -80.93904
Step:      54500 Energy:                                         -83.20210
Step:      54600 Energy:                                         -85.28490
Step:      54700 Energy:                                         -83.08983
Step:      54800 Energy:                                         -83.73469
Step:      54900 Energy:                                         -81.52473
Step:      55000 Energy:                                         -78.87495
Step:      55100 Energy:                                         -79.45542
Step:      55200 Energy:                                         -78.22209
Step:      55300 Energy:                                         -77.48964
Step:      55400 Energy:                                         -76.80016
Step:      55500 Energy:                                         -79.54884
Step:      55600 Energy:                                         -76.82750
Step:      55700 Energy:                                         -77.06114
Step:      55800 Energy:                                         -72.73366
Step:      55900 Energy:                                         -76.43629
Step:      56000 Energy:                                         -76.90743
Step:      56100 Energy:                                         -74.17603
Step:      56200 Energy:                                         -73.32383
Step:      56300 Energy:                                         -75.44064
Step:      56400 Energy:                                         -76.96401
Step:      56500 Energy:                                         -78.00171
Step:      56600 Energy:                                         -82.29731
Step:      56700 Energy:                                         -83.08657
Step:      56800 Energy:                                         -80.64226
Step:      56900 Energy:                                         -81.01699
Step:      57000 Energy:                                         -76.06149
Step:      57100 Energy:                                         -78.68653
Step:      57200 Energy:                                         -81.04847
Step:      57300 Energy:                                         -80.49934
Step:      57400 Energy:                                         -78.67954
Step:      57500 Energy:                                         -78.37012
Step:      57600 Energy:                                         -77.09165
Step:      57700 Energy:                                         -76.19929
Step:      57800 Energy:                                         -76.90981
Step:      57900 Energy:                                         -82.43102
Step:      58000 Energy:                                         -82.18324
Step:      58100 Energy:                                         -82.32915
Step:      58200 Energy:                                         -84.45842
Step:      58300 Energy:                                         -83.96739
Step:      58400 Energy:                                         -83.87105
Step:      58500 Energy:                                         -80.66385
Step:      58600 Energy:                                         -82.75448
Step:      58700 Energy:                                         -83.92497
Step:      58800 Energy:                                         -81.58926
Step:      58900 Energy:                                         -77.39947
Step:      59000 Energy:                                         -78.25334
Step:      59100 Energy:                                         -80.57153
Step:      59200 Energy:                                         -79.30754
Step:      59300 Energy:                                         -79.57560
Step:      59400 Energy:                                         -78.53964
Step:      59500 Energy:                                         -83.82512
Step:      59600 Energy:                                         -81.00988
Step:      59700 Energy:                                         -80.70319
Step:      59800 Energy:                                         -81.42700
Step:      59900 Energy:                                         -79.60890
Step:      60000 Energy:                                         -77.95952
Step:      60100 Energy:                                         -78.04597
Step:      60200 Energy:                                         -78.17699
Step:      60300 Energy:                                         -76.38487
Step:      60400 Energy:                                         -75.18221
Step:      60500 Energy:                                         -76.67406
Step:      60600 Energy:                                         -79.33301
Step:      60700 Energy:                                         -78.01865
Step:      60800 Energy:                                         -78.32963
Step:      60900 Energy:                                         -75.20125
Step:      61000 Energy:                                         -77.69953
Step:      61100 Energy:                                         -78.11509
Step:      61200 Energy:                                         -77.74700
Step:      61300 Energy:                                         -79.72496
Step:      61400 Energy:                                         -81.00879
Step:      61500 Energy:                                         -77.88678
Step:      61600 Energy:                                         -80.84393
Step:      61700 Energy:                                         -79.56470
Step:      61800 Energy:                                         -81.15974
Step:      61900 Energy:                                         -78.15211
Step:      62000 Energy:                                         -75.15409
Step:      62100 Energy:                                         -78.33319
Step:      62200 Energy:                                         -75.14705
Step:      62300 Energy:                                         -78.31065
Step:      62400 Energy:                                         -78.58781
Step:      62500 Energy:                                         -78.15430
Step:      62600 Energy:                                         -75.65487
Step:      62700 Energy:                                         -76.04677
Step:      62800 Energy:                                         -77.25881
Step:      62900 Energy:                                         -73.52859
Step:      63000 Energy:                                         -74.65088
Step:      63100 Energy:                                         -76.88960
Step:      63200 Energy:                                         -77.47272
Step:      63300 Energy:                                         -76.79606
Step:      63400 Energy:                                         -77.81123
Step:      63500 Energy:                                         -77.27635
Step:      63600 Energy:                                         -77.34019
Step:      63700 Energy:                                         -77.90456
Step:      63800 Energy:                                         -77.39159
Step:      63900 Energy:                                         -79.44742
Step:      64000 Energy:                                         -80.66222
Step:      64100 Energy:                                         -78.76964
Step:      64200 Energy:                                         -79.74303
Step:      64300 Energy:                                         -77.82549
Step:      64400 Energy:                                         -77.00128
Step:      64500 Energy:                                         -74.62378
Step:      64600 Energy:                                         -76.00570
Step:      64700 Energy:                                         -74.90430
Step:      64800 Energy:                                         -76.32728
Step:      64900 Energy:                                         -78.81371
Step:      65000 Energy:                                         -77.27949
Step:      65100 Energy:                                         -78.54962
Step:      65200 Energy:                                         -81.00500
Step:      65300 Energy:                                         -81.25996
Step:      65400 Energy:                                         -84.48022
Step:      65500 Energy:                                         -84.02238
Step:      65600 Energy:                                         -83.96547
Step:      65700 Energy:                                         -82.52386
Step:      65800 Energy:                                         -79.81946
Step:      65900 Energy:                                         -79.36837
Step:      66000 Energy:                                         -78.23082
Step:      66100 Energy:                                         -79.35130
Step:      66200 Energy:                                         -79.56325
Step:      66300 Energy:                                         -77.43682
Step:      66400 Energy:                                         -77.71188
Step:      66500 Energy:                                         -78.96757
Step:      66600 Energy:                                         -79.13460
Step:      66700 Energy:                                         -83.03594
Step:      66800 Energy:                                         -82.79979
Step:      66900 Energy:                                         -84.50602
Step:      67000 Energy:                                         -83.48145
Step:      67100 Energy:                                         -83.29324
Step:      67200 Energy:                                         -84.11802
Step:      67300 Energy:                                         -83.76606
Step:      67400 Energy:                                         -83.76659
Step:      67500 Energy:                                         -84.00002
Step:      67600 Energy:                                         -81.23232
Step:      67700 Energy:                                         -83.76926
Step:      67800 Energy:                                         -81.20150
Step:      67900 Energy:                                         -78.24092
Step:      68000 Energy:                                         -76.37276
Step:      68100 Energy:                                         -78.31586
Step:      68200 Energy:                                         -77.76820
Step:      68300 Energy:                                         -73.23292
Step:      68400 Energy:                                         -73.35162
Step:      68500 Energy:                                         -74.45980
Step:      68600 Energy:                                         -73.22366
Step:      68700 Energy:                                         -72.37148
Step:      68800 Energy:                                         -74.98714
Step:      68900 Energy:                                         -75.89046
Step:      69000 Energy:                                         -75.91277
Step:      69100 Energy:                                         -79.52081
Step:      69200 Energy:                                         -79.19992
Step:      69300 Energy:                                         -77.70179
Step:      69400 Energy:                                         -80.76078
Step:      69500 Energy:                                         -78.20154
Step:      69600 Energy:                                         -76.78153
Step:      69700 Energy:                                         -79.27956
Step:      69800 Energy:                                         -78.37836
Step:      69900 Energy:                                         -76.00096
Step:      70000 Energy:                                         -74.24063
Step:      70100 Energy:                                         -75.12305
Step:      70200 Energy:                                         -78.24766
Step:      70300 Energy:                                         -76.29466
Step:      70400 Energy:                                         -75.80174
Step:      70500 Energy:                                         -80.91116
Step:      70600 Energy:                                         -81.31995
Step:      70700 Energy:                                         -80.03314
Step:      70800 Energy:                                         -79.65515
Step:      70900 Energy:                                         -78.07664
Step:      71000 Energy:                                         -82.40136
Step:      71100 Energy:                                         -84.69212
Step:      71200 Energy:                                         -84.39119
Step:      71300 Energy:                                         -82.20995
Step:      71400 Energy:                                         -81.38595
Step:      71500 Energy:                                         -82.00383
Step:      71600 Energy:                                         -80.81210
Step:      71700 Energy:                                         -77.81229
Step:      71800 Energy:                                         -78.77446
Step:      71900 Energy:                                         -78.28343
Step:      72000 Energy:                                         -80.48000
Step:      72100 Energy:                                         -78.81306
Step:      72200 Energy:                                         -82.75635
Step:      72300 Energy:                                         -81.88998
Step:      72400 Energy:                                         -78.03376
Step:      72500 Energy:                                         -77.88346
Step:      72600 Energy:                                         -77.98124
Step:      72700 Energy:                                         -79.79073
Step:      72800 Energy:                                         -78.66398
Step:      72900 Energy:                                         -77.80202
Step:      73000 Energy:                                         -77.08497
Step:      73100 Energy:                                         -78.25496
Step:      73200 Energy:                                         -80.04718
Step:      73300 Energy:                                         -81.21844
Step:      73400 Energy:                                         -81.70112
Step:      73500 Energy:                                         -78.45940
Step:      73600 Energy:                                         -76.14754
Step:      73700 Energy:                                         -80.71707
Step:      73800 Energy:                                         -82.22648
Step:      73900 Energy:                                         -82.12840
Step:      74000 Energy:                                         -80.13566
Step:      74100 Energy:                                         -81.81882
Step:      74200 Energy:                                         -83.66344
Step:      74300 Energy:                                         -82.94246
Step:      74400 Energy:                                         -80.77390
Step:      74500 Energy:                                         -81.98486
Step:      74600 Energy:                                         -78.69666
Step:      74700 Energy:                                         -78.42447
Step:      74800 Energy:                                         -80.74348
Step:      74900 Energy:                                         -77.73779
Step:      75000 Energy:                                         -80.50835
Step:      75100 Energy:                                         -80.86649
Step:      75200 Energy:                                         -78.18293
Step:      75300 Energy:                                         -74.32482
Step:      75400 Energy:                                         -74.23636
Step:      75500 Energy:                                         -78.44489
Step:      75600 Energy:                                         -74.77427
Step:      75700 Energy:                                         -73.84115
Step:      75800 Energy:                                         -79.48083
Step:      75900 Energy:                                         -81.27909
Step:      76000 Energy:                                         -78.16557
Step:      76100 Energy:                                         -79.34191
Step:      76200 Energy:                                         -77.20728
Step:      76300 Energy:                                         -79.29860
Step:      76400 Energy:                                         -79.37275
Step:      76500 Energy:                                         -81.42130
Step:      76600 Energy:                                         -81.31440
Step:      76700 Energy:                                         -81.01870
Step:      76800 Energy:                                         -78.68578
Step:      76900 Energy:                                         -78.67677
Step:      77000 Energy:                                         -79.61736
Step:      77100 Energy:                                         -81.38265
Step:      77200 Energy:                                         -83.22425
Step:      77300 Energy:                                         -82.78596
Step:      77400 Energy:                                         -82.42098
Step:      77500 Energy:                                         -81.61085
Step:      77600 Energy:                                         -79.32007
Step:      77700 Energy:                                         -80.15690
Step:      77800 Energy:                                         -79.63465
Step:      77900 Energy:                                         -76.11924
Step:      78000 Energy:                                         -78.27744
Step:      78100 Energy:                                         -77.25738
Step:      78200 Energy:                                         -82.25462
Step:      78300 Energy:                                         -82.08516
Step:      78400 Energy:                                         -81.82492
Step:      78500 Energy:                                         -77.78101
Step:      78600 Energy:                                         -77.94168
Step:      78700 Energy:                                         -79.27129
Step:      78800 Energy:                                         -79.44922
Step:      78900 Energy:                                         -82.57335
Step:      79000 Energy:                                         -82.15158
Step:      79100 Energy:                                         -81.62008
Step:      79200 Energy:                                         -79.60191
Step:      79300 Energy:                                         -77.70365
Step:      79400 Energy:                                         -77.03024
Step:      79500 Energy:                                         -78.49684
Step:      79600 Energy:                                         -75.63715
Step:      79700 Energy:                                         -76.31734
Step:      79800 Energy:                                         -75.70076
Step:      79900 Energy:                                         -73.06544
Step:      80000 Energy:                                         -75.06422
Step:      80100 Energy:                                         -78.24137
Step:      80200 Energy:                                         -78.74027
Step:      80300 Energy:                                         -76.66502
Step:      80400 Energy:                                         -79.41026
Step:      80500 Energy:                                         -78.37682
Step:      80600 Energy:                                         -77.33804
Step:      80700 Energy:                                         -77.85962
Step:      80800 Energy:                                         -78.96656
Step:      80900 Energy:                                         -75.50954
Step:      81000 Energy:                                         -80.29454
Step:      81100 Energy:                                         -81.06403
Step:      81200 Energy:                                         -81.39197
Step:      81300 Energy:                                         -80.15646
Step:      81400 Energy:                                         -80.29191
Step:      81500 Energy:                                         -82.22979
Step:      81600 Energy:                                         -80.78725
Step:      81700 Energy:                                         -80.19899
Step:      81800 Energy:                                         -82.66741
Step:      81900 Energy:                                         -78.80846
Step:      82000 Energy:                                         -78.72020
Step:      82100 Energy:                                         -78.56441
Step:      82200 Energy:                                         -76.24221
Step:      82300 Energy:                                         -76.35749
Step:      82400 Energy:                                         -81.87405
Step:      82500 Energy:                                         -80.52598
Step:      82600 Energy:                                         -79.31549
Step:      82700 Energy:                                         -82.04164
Step:      82800 Energy:                                         -80.46624
Step:      82900 Energy:                                         -78.01954
Step:      83000 Energy:                                         -81.49210
Step:      83100 Energy:                                         -79.91500
Step:      83200 Energy:                                         -78.70364
Step:      83300 Energy:                                         -78.29716
Step:      83400 Energy:                                         -76.61078
Step:      83500 Energy:                                         -77.19270
Step:      83600 Energy:                                         -75.69730
Step:      83700 Energy:                                         -78.92495
Step:      83800 Energy:                                         -80.44413
Step:      83900 Energy:                                         -81.54129
Step:      84000 Energy:                                         -80.57909
Step:      84100 Energy:                                         -77.27026
Step:      84200 Energy:                                         -77.02552
Step:      84300 Energy:                                         -77.18966
Step:      84400 Energy:                                         -77.50486
Step:      84500 Energy:                                         -77.10526
Step:      84600 Energy:                                         -78.68275
Step:      84700 Energy:                                         -79.83324
Step:      84800 Energy:                                         -77.70502
Step:      84900 Energy:                                         -76.14570
Step:      85000 Energy:                                         -74.70464
Step:      85100 Energy:                                         -74.09908
Step:      85200 Energy:                                         -79.56077
Step:      85300 Energy:                                         -80.84029
Step:      85400 Energy:                                         -80.93694
Step:      85500 Energy:                                         -79.51897
Step:      85600 Energy:                                         -80.48260
Step:      85700 Energy:                                         -78.73993
Step:      85800 Energy:                                         -79.82855
Step:      85900 Energy:                                         -78.84792
Step:      86000 Energy:                                         -79.93345
Step:      86100 Energy:                                         -78.31789
Step:      86200 Energy:                                         -77.32198
Step:      86300 Energy:                                         -75.91078
Step:      86400 Energy:                                         -79.23028
Step:      86500 Energy:                                         -75.26399
Step:      86600 Energy:                                         -74.42750
Step:      86700 Energy:                                         -77.23954
Step:      86800 Energy:                                         -78.02772
Step:      86900 Energy:                                         -78.41135
Step:      87000 Energy:                                  